[2026-02-27 10:40:29] ==================================================
[2026-02-27 10:40:29] 开始爬取科技资讯
[2026-02-27 10:40:29] ==================================================
[2026-02-27 10:40:29] 开始爬取: 智源社区 (https://hub.baai.ac.cn)
[2026-02-27 10:40:35] 智源社区 爬取完成: 1 条
[2026-02-27 10:40:35] 开始爬取: 机器之心 (https://www.jiqizhixin.com)
[2026-02-27 10:40:35] 机器之心 爬取完成: 0 条
[2026-02-27 10:40:35] 开始爬取: 量子位 (https://www.qbitai.com)
[2026-02-27 10:40:37] 量子位 爬取完成: 21 条
[2026-02-27 10:40:37] 开始爬取: 36氪 (https://36kr.com)
[2026-02-27 10:40:38] 36氪 爬取完成: 0 条
[2026-02-27 10:40:38] 开始爬取: InfoQ (https://www.infoq.cn)
[2026-02-27 10:40:39] InfoQ 爬取完成: 32 条
[2026-02-27 10:40:39] 开始爬取: 虎嗅 (https://www.huxiu.com)
[2026-02-27 10:40:41] 虎嗅 爬取完成: 20 条
[2026-02-27 10:40:41] 开始爬取: IT之家 (https://www.ithome.com)
[2026-02-27 10:40:44] IT之家 爬取完成: 17 条
[2026-02-27 10:40:44] 开始爬取: TechCrunch中文 (https://techcrunch.cn)
[2026-02-27 10:40:54] 警告: TechCrunch中文 返回空内容
[2026-02-27 10:40:54] 开始爬取: 开源中国 (https://www.oschina.net)
[2026-02-27 10:40:56] 开源中国 爬取完成: 0 条
[2026-02-27 10:40:56] 开始爬取: CSDN (https://www.csdn.net)
[2026-02-27 10:40:56] CSDN 爬取完成: 0 条
[2026-02-27 10:40:56] 爬取完成! 共 90 条资讯
[2026-02-27 10:40:56] 数据保存至: /home/admin/.openclaw/workspace/tech-news/data/raw/news_20260227_104056.json
[2026-02-27 11:03:15] ==================================================
[2026-02-27 11:03:15] 开始爬取科技资讯
[2026-02-27 11:03:15] ==================================================
[2026-02-27 11:03:15] 开始爬取: 智源社区 (https://hub.baai.ac.cn)
[2026-02-27 11:03:15] 智源社区 爬取完成: 1 条
[2026-02-27 11:03:15] 开始爬取: 机器之心 (https://www.jiqizhixin.com)
[2026-02-27 11:03:15] 机器之心 爬取完成: 0 条
[2026-02-27 11:03:15] 开始爬取: 量子位 (https://www.qbitai.com)
[2026-02-27 11:03:17] 量子位 爬取完成: 21 条
[2026-02-27 11:03:17] 开始爬取: 36氪 (https://36kr.com)
[2026-02-27 11:03:17] 36氪 爬取完成: 0 条
[2026-02-27 11:03:17] 开始爬取: InfoQ (https://www.infoq.cn)
[2026-02-27 11:03:20] InfoQ 爬取完成: 32 条
[2026-02-27 11:03:20] 开始爬取: 虎嗅 (https://www.huxiu.com)
[2026-02-27 11:03:21] 虎嗅 爬取完成: 20 条
[2026-02-27 11:03:21] 开始爬取: IT之家 (https://www.ithome.com)
[2026-02-27 11:03:24] IT之家 爬取完成: 17 条
[2026-02-27 11:03:24] 开始爬取: TechCrunch中文 (https://techcrunch.cn)
[2026-02-27 11:03:34] 警告: TechCrunch中文 返回空内容
[2026-02-27 11:03:34] 开始爬取: 开源中国 (https://www.oschina.net)
[2026-02-27 11:03:35] 开源中国 爬取完成: 0 条
[2026-02-27 11:03:35] 开始爬取: CSDN (https://www.csdn.net)
[2026-02-27 11:03:36] CSDN 爬取完成: 0 条
[2026-02-27 11:03:36] 爬取完成! 共 90 条资讯
[2026-02-27 11:03:36] 数据保存至: /home/admin/.openclaw/workspace/tech-news/data/raw/news_20260227_110336.json
[2026-02-27 11:09:26] [INFO] ============================================================
[2026-02-27 11:09:26] [INFO] 开始爬取科技资讯 (增强验证版)
[2026-02-27 11:09:26] [INFO] ============================================================
[2026-02-27 11:09:26] [INFO] 开始爬取: 智源社区 (https://hub.baai.ac.cn)
[2026-02-27 11:09:27] [INFO] 智源社区 爬取完成: 1 条有效 (共解析 2 条链接)
[2026-02-27 11:09:27] [INFO] 开始爬取: 机器之心 (https://www.jiqizhixin.com)
[2026-02-27 11:09:27] [INFO] 机器之心 爬取完成: 0 条有效 (共解析 1 条链接)
[2026-02-27 11:09:27] [INFO] 开始爬取: 量子位 (https://www.qbitai.com)
[2026-02-27 11:09:28] [INFO] 量子位 爬取完成: 30 条有效 (共解析 180 条链接)
[2026-02-27 11:09:28] [INFO] 开始爬取: 36氪 (https://36kr.com)
[2026-02-27 11:09:29] [INFO] 36氪 爬取完成: 0 条有效 (共解析 0 条链接)
[2026-02-27 11:09:29] [INFO] 开始爬取: InfoQ (https://www.infoq.cn)
[2026-02-27 11:09:31] [INFO] InfoQ 爬取完成: 40 条有效 (共解析 138 条链接)
[2026-02-27 11:09:31] [INFO] 开始爬取: 虎嗅 (https://www.huxiu.com)
[2026-02-27 11:09:31] [INFO] 虎嗅 爬取完成: 32 条有效 (共解析 306 条链接)
[2026-02-27 11:09:31] [INFO] 开始爬取: IT之家 (https://www.ithome.com)
[2026-02-27 11:09:36] [INFO] IT之家 爬取完成: 100 条有效 (共解析 1219 条链接)
[2026-02-27 11:09:36] [INFO] 开始爬取: TechCrunch中文 (https://techcrunch.cn)
[2026-02-27 11:09:47] [INFO] ============================================================
[2026-02-27 11:09:47] [INFO] 开始爬取科技资讯 (增强验证版)
[2026-02-27 11:09:47] [INFO] ============================================================
[2026-02-27 11:09:47] [INFO] 开始爬取: 智源社区 (https://hub.baai.ac.cn)
[2026-02-27 11:09:48] [INFO] 智源社区 爬取完成: 1 条有效 (共解析 2 条链接)
[2026-02-27 11:09:48] [INFO] 开始爬取: 机器之心 (https://www.jiqizhixin.com)
[2026-02-27 11:09:48] [INFO] 机器之心 爬取完成: 0 条有效 (共解析 1 条链接)
[2026-02-27 11:09:48] [INFO] 开始爬取: 量子位 (https://www.qbitai.com)
[2026-02-27 11:09:48] [INFO] 量子位 爬取完成: 30 条有效 (共解析 180 条链接)
[2026-02-27 11:09:48] [INFO] 开始爬取: 36氪 (https://36kr.com)
[2026-02-27 11:09:49] [INFO] 36氪 爬取完成: 0 条有效 (共解析 0 条链接)
[2026-02-27 11:09:49] [INFO] 开始爬取: InfoQ (https://www.infoq.cn)
[2026-02-27 11:09:50] [INFO] InfoQ 爬取完成: 40 条有效 (共解析 138 条链接)
[2026-02-27 11:09:50] [INFO] 开始爬取: 虎嗅 (https://www.huxiu.com)
[2026-02-27 11:09:51] [WARN] 警告: TechCrunch中文 返回内容异常
[2026-02-27 11:09:51] [INFO] 开始爬取: 开源中国 (https://www.oschina.net)
[2026-02-27 11:09:51] [INFO] 虎嗅 爬取完成: 32 条有效 (共解析 306 条链接)
[2026-02-27 11:09:51] [INFO] 开始爬取: IT之家 (https://www.ithome.com)
[2026-02-27 11:09:52] [INFO] 开源中国 爬取完成: 0 条有效 (共解析 0 条链接)
[2026-02-27 11:09:52] [INFO] 开始爬取: CSDN (https://www.csdn.net)
[2026-02-27 11:09:54] [INFO] IT之家 爬取完成: 100 条有效 (共解析 1219 条链接)
[2026-02-27 11:09:54] [INFO] 开始爬取: TechCrunch中文 (https://techcrunch.cn)
[2026-02-27 11:10:03] [WARN] 警告: CSDN 可能被反爬拦截
[2026-02-27 11:10:03] [INFO] CSDN 爬取完成: 36 条有效 (共解析 140 条链接)
[2026-02-27 11:10:03] [INFO] ------------------------------------------------------------
[2026-02-27 11:10:03] [INFO] 爬取完成!
[2026-02-27 11:10:03] [INFO]   - 有效文章: 235 条
[2026-02-27 11:10:03] [INFO]   - 去重跳过: 4 条
[2026-02-27 11:10:03] [INFO]   - 错误数量: 2 个源
[2026-02-27 11:10:03] [INFO]   - 保存路径: /home/admin/.openclaw/workspace/tech-news/data/raw/news_20260227_111003.json
[2026-02-27 11:10:03] [INFO] 错误详情:
[2026-02-27 11:10:03] [INFO]   - TechCrunch中文: 返回内容过短: 0 bytes
[2026-02-27 11:10:03] [INFO]   - CSDN: 可能被反爬机制拦截
[2026-02-27 11:10:09] [WARN] 警告: TechCrunch中文 返回内容异常
[2026-02-27 11:10:09] [INFO] 开始爬取: 开源中国 (https://www.oschina.net)
[2026-02-27 11:10:10] [INFO] 开源中国 爬取完成: 0 条有效 (共解析 0 条链接)
[2026-02-27 11:10:10] [INFO] 开始爬取: CSDN (https://www.csdn.net)
[2026-02-27 11:10:14] [WARN] 警告: CSDN 可能被反爬拦截
[2026-02-27 11:10:14] [INFO] CSDN 爬取完成: 35 条有效 (共解析 140 条链接)
[2026-02-27 11:10:15] [INFO] ------------------------------------------------------------
[2026-02-27 11:10:15] [INFO] 爬取完成!
[2026-02-27 11:10:15] [INFO]   - 有效文章: 234 条
[2026-02-27 11:10:15] [INFO]   - 去重跳过: 4 条
[2026-02-27 11:10:15] [INFO]   - 错误数量: 2 个源
[2026-02-27 11:10:15] [INFO]   - 保存路径: /home/admin/.openclaw/workspace/tech-news/data/raw/news_20260227_111014.json
[2026-02-27 11:10:15] [INFO] 错误详情:
[2026-02-27 11:10:15] [INFO]   - TechCrunch中文: 返回内容过短: 0 bytes
[2026-02-27 11:10:15] [INFO]   - CSDN: 可能被反爬机制拦截
[2026-02-27 11:39:18] [INFO] ============================================================
[2026-02-27 11:39:18] [INFO] 开始爬取科技资讯 (增强验证版)
[2026-02-27 11:39:18] [INFO] ============================================================
[2026-02-27 11:39:18] [INFO] 开始爬取: 智源社区 (https://hub.baai.ac.cn)
[2026-02-27 11:39:19] [INFO] 智源社区 爬取完成: 1 条有效 (共解析 2 条链接)
[2026-02-27 11:39:19] [INFO] 开始爬取: 机器之心 (https://www.jiqizhixin.com)
[2026-02-27 11:39:19] [INFO] 机器之心 爬取完成: 0 条有效 (共解析 1 条链接)
[2026-02-27 11:39:19] [INFO] 开始爬取: 量子位 (https://www.qbitai.com)
[2026-02-27 11:39:20] [INFO] 量子位 爬取完成: 30 条有效 (共解析 180 条链接)
[2026-02-27 11:39:20] [INFO] 开始爬取: 36氪 (https://36kr.com)
[2026-02-27 11:39:21] [INFO] 36氪 爬取完成: 0 条有效 (共解析 0 条链接)
[2026-02-27 11:39:21] [INFO] 开始爬取: InfoQ (https://www.infoq.cn)
[2026-02-27 11:39:22] [INFO] InfoQ 爬取完成: 40 条有效 (共解析 138 条链接)
[2026-02-27 11:39:22] [INFO] 开始爬取: 虎嗅 (https://www.huxiu.com)
[2026-02-27 11:39:23] [INFO] 虎嗅 爬取完成: 31 条有效 (共解析 306 条链接)
[2026-02-27 11:39:23] [INFO] 开始爬取: IT之家 (https://www.ithome.com)
[2026-02-27 11:39:26] [INFO] IT之家 爬取完成: 100 条有效 (共解析 1219 条链接)
[2026-02-27 11:39:26] [INFO] 开始爬取: TechCrunch中文 (https://techcrunch.cn)
[2026-02-27 11:39:41] [WARN] 警告: TechCrunch中文 返回内容异常
[2026-02-27 11:39:41] [INFO] 开始爬取: 开源中国 (https://www.oschina.net)
[2026-02-27 11:39:42] [INFO] 开源中国 爬取完成: 0 条有效 (共解析 0 条链接)
[2026-02-27 11:39:42] [INFO] 开始爬取: CSDN (https://www.csdn.net)
[2026-02-27 11:39:51] [WARN] 警告: CSDN 可能被反爬拦截
[2026-02-27 11:39:51] [INFO] CSDN 爬取完成: 36 条有效 (共解析 140 条链接)
[2026-02-27 11:39:51] [INFO] ------------------------------------------------------------
[2026-02-27 11:39:51] [INFO] 爬取完成!
[2026-02-27 11:39:51] [INFO]   - 有效文章: 235 条
[2026-02-27 11:39:51] [INFO]   - 去重跳过: 3 条
[2026-02-27 11:39:51] [INFO]   - 错误数量: 2 个源
[2026-02-27 11:39:51] [INFO]   - 保存路径: /home/admin/.openclaw/workspace/tech-news/data/raw/news_20260227_113951.json
[2026-02-27 11:39:51] [INFO] 错误详情:
[2026-02-27 11:39:51] [INFO]   - TechCrunch中文: 返回内容过短: 0 bytes
[2026-02-27 11:39:51] [INFO]   - CSDN: 可能被反爬机制拦截
[2026-02-27 11:43:25] [INFO] ============================================================
[2026-02-27 11:43:25] [INFO] 开始爬取科技资讯 (v3 健壮版)
[2026-02-27 11:43:25] [INFO] ============================================================
[2026-02-27 11:43:25] [INFO] 开始爬取: CSDN (https://www.csdn.net)
[2026-02-27 11:44:57] [ERROR] 请求异常: 'utf-8' codec can't decode byte 0xe4 in position 115956: unexpected end of data
[2026-02-27 11:46:31] [INFO] CSDN 爬取完成: 36 条有效 (共解析 140 条链接)
[2026-02-27 11:46:31] [INFO] 开始爬取: IT之家 (https://www.ithome.com)
[2026-02-27 11:46:36] [INFO] IT之家 爬取完成: 100 条有效 (共解析 1219 条链接)
[2026-02-27 11:46:36] [INFO] 开始爬取: 36氪 (https://36kr.com)
[2026-02-27 11:46:39] [INFO] 36氪 爬取完成: 0 条有效 (共解析 0 条链接)
[2026-02-27 11:46:39] [INFO] 开始爬取: TechCrunch中文 (https://techcrunch.cn)
[2026-02-27 11:47:10] [WARN] 内容过短，重试 (1/3)...
[2026-02-27 11:47:42] [WARN] 内容过短，重试 (2/3)...
[2026-02-27 11:48:16] [WARN] 警告: TechCrunch中文 返回内容异常
[2026-02-27 11:48:16] [INFO] 开始爬取: 虎嗅 (https://www.huxiu.com)
[2026-02-27 11:48:19] [INFO] 虎嗅 爬取完成: 31 条有效 (共解析 306 条链接)
[2026-02-27 11:48:19] [INFO] 开始爬取: 开源中国 (https://www.oschina.net)
[2026-02-27 11:48:22] [INFO] 开源中国 爬取完成: 0 条有效 (共解析 0 条链接)
[2026-02-27 11:48:22] [INFO] 开始爬取: 机器之心 (https://www.jiqizhixin.com)
[2026-02-27 11:48:24] [WARN] HTTP 403 - 可能被反爬拦截
[2026-02-27 11:55:26] [INFO] ==================================================
[2026-02-27 11:55:26] [INFO] 科技资讯爬虫 v4 启动
[2026-02-27 11:55:26] [INFO] ==================================================
[2026-02-27 11:55:26] [INFO] 开始爬取: InfoQ
[2026-02-27 11:55:31] [INFO] InfoQ 完成: 62 条有效
[2026-02-27 11:55:31] [INFO] 开始爬取: IT之家
[2026-02-27 11:55:40] [INFO] IT之家 完成: 100 条有效
[2026-02-27 11:55:40] [INFO] 开始爬取: 机器之心
[2026-02-27 11:55:41] [WARN] HTTP 403 - 访问被拒绝
[2026-02-27 11:55:46] [WARN] HTTP 403 - 访问被拒绝
[2026-02-27 11:55:50] [WARN] HTTP 403 - 访问被拒绝
[2026-02-27 11:55:52] [WARN] 警告: 机器之心 - 请求失败
[2026-02-27 11:55:52] [INFO] 开始爬取: 虎嗅
[2026-02-27 11:56:05] [INFO] 虎嗅 完成: 31 条有效
[2026-02-27 11:56:05] [INFO] 开始爬取: 智源社区
[2026-02-27 11:56:08] [INFO] 智源社区 完成: 1 条有效
[2026-02-27 11:56:08] [INFO] 开始爬取: 量子位
[2026-02-27 11:56:12] [INFO] 量子位 完成: 30 条有效
[2026-02-27 11:56:12] [INFO] 开始爬取: 36氪
[2026-02-27 11:56:14] [INFO] 36氪 完成: 0 条有效
[2026-02-27 11:56:14] [INFO] 开始爬取: TechCrunch中文
[2026-02-27 11:56:45] [WARN] 内容过短，重试 (1/3)
[2026-02-27 11:57:17] [WARN] 内容过短，重试 (2/3)
[2026-02-27 12:22:19] [INFO] ==================================================
[2026-02-27 12:22:19] [INFO] 科技资讯爬虫 v5 启动
[2026-02-27 12:22:19] [INFO] ==================================================
[2026-02-27 12:22:19] [INFO] 爬取: IT之家
[2026-02-27 12:22:22] [INFO] IT之家: 100 条
[2026-02-27 12:22:23] [INFO] 爬取: InfoQ
[2026-02-27 12:22:25] [INFO] InfoQ: 40 条
[2026-02-27 12:22:26] [INFO] 爬取: 量子位
[2026-02-27 12:22:27] [INFO] 量子位: 30 条
[2026-02-27 12:22:28] [INFO] 爬取: 虎嗅
[2026-02-27 12:22:41] [INFO] 虎嗅: 33 条
[2026-02-27 12:22:42] [INFO] 爬取: 智源社区
[2026-02-27 12:22:43] [INFO] 智源社区: 1 条
[2026-02-27 12:22:44] [INFO] --------------------------------------------------
[2026-02-27 12:22:44] [INFO] 完成! 共 204 条资讯
[2026-02-27 12:22:44] [INFO] 保存: /home/admin/.openclaw/workspace/tech-news/data/raw/news_20260227_122244.json
